# JRE version: OpenJDK Runtime Environment Temurin-21.0.8+9 (21.0.8+9) (build 21.0.8+9-LTS)
# Java VM: OpenJDK 64-Bit Server VM Temurin-21.0.8+9 (21.0.8+9-LTS, mixed mode, sharing, tiered, compressed oops, compressed class ptrs, parallel gc, windows-amd64)
GC Precious Log:
 CardTable entry size: 512
 CPUs: 12 total, 12 available
 Memory: 11995M
 Large Page Support: Disabled
 NUMA Support: Disabled
 Compressed Oops: Enabled (32-bit)
 Alignments: Space 512K, Generation 512K, Heap 2M
 Heap Min Capacity: 100M
 Heap Initial Capacity: 100M
 Heap Max Capacity: 2G
 Pre-touch: Disabled
 Parallel Workers: 10
Heap:
 PSYoungGen      total 4096K, used 512K [0x00000000d5580000, 0x00000000d5b00000, 0x0000000100000000)
  eden space 3584K, 0% used [0x00000000d5580000,0x00000000d5580000,0x00000000d5900000)
  from space 512K, 100% used [0x00000000d5a80000,0x00000000d5b00000,0x00000000d5b00000)
  to   space 512K, 0% used [0x00000000d5a00000,0x00000000d5a00000,0x00000000d5a80000)
 ParOldGen       total 867840K, used 215538K [0x0000000080000000, 0x00000000b4f80000, 0x00000000d5580000)
  object space 867840K, 24% used [0x0000000080000000,0x000000008d27ca00,0x00000000b4f80000)
 Metaspace       used 87847K, committed 89536K, reserved 1179648K
  class space    used 9100K, committed 9856K, reserved 1048576K
GC Heap History (20 events):
Event: 1045.505 GC heap before
{Heap before GC invocations=2456 (full 5):
 PSYoungGen      total 4608K, used 4415K [0x00000000d5580000, 0x00000000d5c00000, 0x0000000100000000)
  eden space 4096K, 99% used [0x00000000d5580000,0x00000000d597ff30,0x00000000d5980000)
  from space 512K, 62% used [0x00000000d5b80000,0x00000000d5bd0000,0x00000000d5c00000)
  to   space 512K, 0% used [0x00000000d5b00000,0x00000000d5b00000,0x00000000d5b80000)
 ParOldGen       total 867840K, used 208828K [0x0000000080000000, 0x00000000b4f80000, 0x00000000d5580000)
  object space 867840K, 24% used [0x0000000080000000,0x000000008cbef3f0,0x00000000b4f80000)
 Metaspace       used 87831K, committed 89536K, reserved 1179648K
  class space    used 9100K, committed 9856K, reserved 1048576K
}
Event: 1045.506 GC heap after
{Heap after GC invocations=2456 (full 5):
 PSYoungGen      total 4608K, used 512K [0x00000000d5580000, 0x00000000d5c00000, 0x0000000100000000)
  eden space 4096K, 0% used [0x00000000d5580000,0x00000000d5580000,0x00000000d5980000)
  from space 512K, 100% used [0x00000000d5b00000,0x00000000d5b80000,0x00000000d5b80000)
  to   space 512K, 0% used [0x00000000d5b80000,0x00000000d5b80000,0x00000000d5c00000)
 ParOldGen       total 867840K, used 208852K [0x0000000080000000, 0x00000000b4f80000, 0x00000000d5580000)
  object space 867840K, 24% used [0x0000000080000000,0x000000008cbf53f0,0x00000000b4f80000)
 Metaspace       used 87831K, committed 89536K, reserved 1179648K
  class space    used 9100K, committed 9856K, reserved 1048576K
}
Event: 1045.609 GC heap before
{Heap before GC invocations=2457 (full 5):
 PSYoungGen      total 4608K, used 4607K [0x00000000d5580000, 0x00000000d5c00000, 0x0000000100000000)
  eden space 4096K, 99% used [0x00000000d5580000,0x00000000d597ffe0,0x00000000d5980000)
  from space 512K, 100% used [0x00000000d5b00000,0x00000000d5b80000,0x00000000d5b80000)
  to   space 512K, 0% used [0x00000000d5b80000,0x00000000d5b80000,0x00000000d5c00000)
 ParOldGen       total 867840K, used 208852K [0x0000000080000000, 0x00000000b4f80000, 0x00000000d5580000)
  object space 867840K, 24% used [0x0000000080000000,0x000000008cbf53f0,0x00000000b4f80000)
 Metaspace       used 87831K, committed 89536K, reserved 1179648K
  class space    used 9100K, committed 9856K, reserved 1048576K
}
Event: 1045.609 GC heap after
{Heap after GC invocations=2457 (full 5):
 PSYoungGen      total 4608K, used 352K [0x00000000d5580000, 0x00000000d5c00000, 0x0000000100000000)
  eden space 4096K, 0% used [0x00000000d5580000,0x00000000d5580000,0x00000000d5980000)
  from space 512K, 68% used [0x00000000d5b80000,0x00000000d5bd8000,0x00000000d5c00000)
  to   space 512K, 0% used [0x00000000d5b00000,0x00000000d5b00000,0x00000000d5b80000)
 ParOldGen       total 867840K, used 209258K [0x0000000080000000, 0x00000000b4f80000, 0x00000000d5580000)
  object space 867840K, 24% used [0x0000000080000000,0x000000008cc5a880,0x00000000b4f80000)
 Metaspace       used 87831K, committed 89536K, reserved 1179648K
  class space    used 9100K, committed 9856K, reserved 1048576K
}
Event: 1052.007 GC heap before
{Heap before GC invocations=2458 (full 5):
 PSYoungGen      total 4608K, used 4448K [0x00000000d5580000, 0x00000000d5c00000, 0x0000000100000000)
  eden space 4096K, 100% used [0x00000000d5580000,0x00000000d5980000,0x00000000d5980000)
  from space 512K, 68% used [0x00000000d5b80000,0x00000000d5bd8000,0x00000000d5c00000)
  to   space 512K, 0% used [0x00000000d5b00000,0x00000000d5b00000,0x00000000d5b80000)
 ParOldGen       total 867840K, used 209258K [0x0000000080000000, 0x00000000b4f80000, 0x00000000d5580000)
  object space 867840K, 24% used [0x0000000080000000,0x000000008cc5a880,0x00000000b4f80000)
 Metaspace       used 87832K, committed 89536K, reserved 1179648K
  class space    used 9100K, committed 9856K, reserved 1048576K
}
Event: 1052.008 GC heap after
{Heap after GC invocations=2458 (full 5):
 PSYoungGen      total 4608K, used 288K [0x00000000d5580000, 0x00000000d5c00000, 0x0000000100000000)
  eden space 4096K, 0% used [0x00000000d5580000,0x00000000d5580000,0x00000000d5980000)
  from space 512K, 56% used [0x00000000d5b00000,0x00000000d5b48000,0x00000000d5b80000)
  to   space 512K, 0% used [0x00000000d5b80000,0x00000000d5b80000,0x00000000d5c00000)
 ParOldGen       total 867840K, used 209298K [0x0000000080000000, 0x00000000b4f80000, 0x00000000d5580000)
  object space 867840K, 24% used [0x0000000080000000,0x000000008cc64880,0x00000000b4f80000)
 Metaspace       used 87832K, committed 89536K, reserved 1179648K
  class space    used 9100K, committed 9856K, reserved 1048576K
}
Event: 1056.028 GC heap before
{Heap before GC invocations=2459 (full 5):
 PSYoungGen      total 4608K, used 4384K [0x00000000d5580000, 0x00000000d5c00000, 0x0000000100000000)
  eden space 4096K, 100% used [0x00000000d5580000,0x00000000d5980000,0x00000000d5980000)
  from space 512K, 56% used [0x00000000d5b00000,0x00000000d5b48000,0x00000000d5b80000)
  to   space 512K, 0% used [0x00000000d5b80000,0x00000000d5b80000,0x00000000d5c00000)
 ParOldGen       total 867840K, used 209298K [0x0000000080000000, 0x00000000b4f80000, 0x00000000d5580000)
  object space 867840K, 24% used [0x0000000080000000,0x000000008cc64880,0x00000000b4f80000)
 Metaspace       used 87845K, committed 89536K, reserved 1179648K
  class space    used 9100K, committed 9856K, reserved 1048576K
}
Event: 1056.028 GC heap after
{Heap after GC invocations=2459 (full 5):
 PSYoungGen      total 4608K, used 384K [0x00000000d5580000, 0x00000000d5c00000, 0x0000000100000000)
  eden space 4096K, 0% used [0x00000000d5580000,0x00000000d5580000,0x00000000d5980000)
  from space 512K, 75% used [0x00000000d5b80000,0x00000000d5be0000,0x00000000d5c00000)
  to   space 512K, 0% used [0x00000000d5b00000,0x00000000d5b00000,0x00000000d5b80000)
 ParOldGen       total 867840K, used 209346K [0x0000000080000000, 0x00000000b4f80000, 0x00000000d5580000)
  object space 867840K, 24% used [0x0000000080000000,0x000000008cc70880,0x00000000b4f80000)
 Metaspace       used 87845K, committed 89536K, reserved 1179648K
  class space    used 9100K, committed 9856K, reserved 1048576K
}
Event: 1056.036 GC heap before
{Heap before GC invocations=2460 (full 5):
 PSYoungGen      total 4608K, used 4480K [0x00000000d5580000, 0x00000000d5c00000, 0x0000000100000000)
  eden space 4096K, 100% used [0x00000000d5580000,0x00000000d5980000,0x00000000d5980000)
  from space 512K, 75% used [0x00000000d5b80000,0x00000000d5be0000,0x00000000d5c00000)
  to   space 512K, 0% used [0x00000000d5b00000,0x00000000d5b00000,0x00000000d5b80000)
 ParOldGen       total 867840K, used 209346K [0x0000000080000000, 0x00000000b4f80000, 0x00000000d5580000)
  object space 867840K, 24% used [0x0000000080000000,0x000000008cc70880,0x00000000b4f80000)
 Metaspace       used 87845K, committed 89536K, reserved 1179648K
  class space    used 9100K, committed 9856K, reserved 1048576K
}
Event: 1058.053 GC heap after
{Heap after GC invocations=2460 (full 5):
 PSYoungGen      total 4608K, used 489K [0x00000000d5580000, 0x00000000d5c00000, 0x0000000100000000)
  eden space 4096K, 0% used [0x00000000d5580000,0x00000000d5580000,0x00000000d5980000)
  from space 512K, 95% used [0x00000000d5b00000,0x00000000d5b7a430,0x00000000d5b80000)
  to   space 512K, 0% used [0x00000000d5b80000,0x00000000d5b80000,0x00000000d5c00000)
 ParOldGen       total 867840K, used 212905K [0x0000000080000000, 0x00000000b4f80000, 0x00000000d5580000)
  object space 867840K, 24% used [0x0000000080000000,0x000000008cfea700,0x00000000b4f80000)
 Metaspace       used 87845K, committed 89536K, reserved 1179648K
  class space    used 9100K, committed 9856K, reserved 1048576K
}
Event: 1058.059 GC heap before
{Heap before GC invocations=2461 (full 5):
 PSYoungGen      total 4608K, used 4585K [0x00000000d5580000, 0x00000000d5c00000, 0x0000000100000000)
  eden space 4096K, 99% used [0x00000000d5580000,0x00000000d597fff8,0x00000000d5980000)
  from space 512K, 95% used [0x00000000d5b00000,0x00000000d5b7a430,0x00000000d5b80000)
  to   space 512K, 0% used [0x00000000d5b80000,0x00000000d5b80000,0x00000000d5c00000)
 ParOldGen       total 867840K, used 212905K [0x0000000080000000, 0x00000000b4f80000, 0x00000000d5580000)
  object space 867840K, 24% used [0x0000000080000000,0x000000008cfea700,0x00000000b4f80000)
 Metaspace       used 87845K, committed 89536K, reserved 1179648K
  class space    used 9100K, committed 9856K, reserved 1048576K
}
Event: 1058.060 GC heap after
{Heap after GC invocations=2461 (full 5):
 PSYoungGen      total 4096K, used 512K [0x00000000d5580000, 0x00000000d5e80000, 0x0000000100000000)
  eden space 3584K, 0% used [0x00000000d5580000,0x00000000d5580000,0x00000000d5900000)
  from space 512K, 100% used [0x00000000d5b80000,0x00000000d5c00000,0x00000000d5c00000)
  to   space 2560K, 0% used [0x00000000d5900000,0x00000000d5900000,0x00000000d5b80000)
 ParOldGen       total 867840K, used 213593K [0x0000000080000000, 0x00000000b4f80000, 0x00000000d5580000)
  object space 867840K, 24% used [0x0000000080000000,0x000000008d096700,0x00000000b4f80000)
 Metaspace       used 87845K, committed 89536K, reserved 1179648K
  class space    used 9100K, committed 9856K, reserved 1048576K
}
Event: 1058.069 GC heap before
{Heap before GC invocations=2462 (full 5):
 PSYoungGen      total 4096K, used 4096K [0x00000000d5580000, 0x00000000d5e80000, 0x0000000100000000)
  eden space 3584K, 100% used [0x00000000d5580000,0x00000000d5900000,0x00000000d5900000)
  from space 512K, 100% used [0x00000000d5b80000,0x00000000d5c00000,0x00000000d5c00000)
  to   space 2560K, 0% used [0x00000000d5900000,0x00000000d5900000,0x00000000d5b80000)
 ParOldGen       total 867840K, used 213593K [0x0000000080000000, 0x00000000b4f80000, 0x00000000d5580000)
  object space 867840K, 24% used [0x0000000080000000,0x000000008d096700,0x00000000b4f80000)
 Metaspace       used 87845K, committed 89536K, reserved 1179648K
  class space    used 9100K, committed 9856K, reserved 1048576K
}
Event: 1058.070 GC heap after
{Heap after GC invocations=2462 (full 5):
 PSYoungGen      total 4608K, used 800K [0x00000000d5580000, 0x00000000d5c00000, 0x0000000100000000)
  eden space 3584K, 0% used [0x00000000d5580000,0x00000000d5580000,0x00000000d5900000)
  from space 1024K, 78% used [0x00000000d5900000,0x00000000d59c8000,0x00000000d5a00000)
  to   space 1536K, 0% used [0x00000000d5a80000,0x00000000d5a80000,0x00000000d5c00000)
 ParOldGen       total 867840K, used 214108K [0x0000000080000000, 0x00000000b4f80000, 0x00000000d5580000)
  object space 867840K, 24% used [0x0000000080000000,0x000000008d117270,0x00000000b4f80000)
 Metaspace       used 87845K, committed 89536K, reserved 1179648K
  class space    used 9100K, committed 9856K, reserved 1048576K
}
Event: 1058.076 GC heap before
{Heap before GC invocations=2463 (full 5):
 PSYoungGen      total 4608K, used 4383K [0x00000000d5580000, 0x00000000d5c00000, 0x0000000100000000)
  eden space 3584K, 99% used [0x00000000d5580000,0x00000000d58ffdc8,0x00000000d5900000)
  from space 1024K, 78% used [0x00000000d5900000,0x00000000d59c8000,0x00000000d5a00000)
  to   space 1536K, 0% used [0x00000000d5a80000,0x00000000d5a80000,0x00000000d5c00000)
 ParOldGen       total 867840K, used 214108K [0x0000000080000000, 0x00000000b4f80000, 0x00000000d5580000)
  object space 867840K, 24% used [0x0000000080000000,0x000000008d117270,0x00000000b4f80000)
 Metaspace       used 87845K, committed 89536K, reserved 1179648K
  class space    used 9100K, committed 9856K, reserved 1048576K
}
Event: 1058.077 GC heap after
{Heap after GC invocations=2463 (full 5):
 PSYoungGen      total 4096K, used 512K [0x00000000d5580000, 0x00000000d5b00000, 0x0000000100000000)
  eden space 3584K, 0% used [0x00000000d5580000,0x00000000d5580000,0x00000000d5900000)
  from space 512K, 100% used [0x00000000d5a80000,0x00000000d5b00000,0x00000000d5b00000)
  to   space 1024K, 0% used [0x00000000d5900000,0x00000000d5900000,0x00000000d5a00000)
 ParOldGen       total 867840K, used 214497K [0x0000000080000000, 0x00000000b4f80000, 0x00000000d5580000)
  object space 867840K, 24% used [0x0000000080000000,0x000000008d178670,0x00000000b4f80000)
 Metaspace       used 87845K, committed 89536K, reserved 1179648K
  class space    used 9100K, committed 9856K, reserved 1048576K
}
Event: 1058.081 GC heap before
{Heap before GC invocations=2464 (full 5):
 PSYoungGen      total 4096K, used 4096K [0x00000000d5580000, 0x00000000d5b00000, 0x0000000100000000)
  eden space 3584K, 100% used [0x00000000d5580000,0x00000000d5900000,0x00000000d5900000)
  from space 512K, 100% used [0x00000000d5a80000,0x00000000d5b00000,0x00000000d5b00000)
  to   space 1024K, 0% used [0x00000000d5900000,0x00000000d5900000,0x00000000d5a00000)
 ParOldGen       total 867840K, used 214497K [0x0000000080000000, 0x00000000b4f80000, 0x00000000d5580000)
  object space 867840K, 24% used [0x0000000080000000,0x000000008d178670,0x00000000b4f80000)
 Metaspace       used 87845K, committed 89536K, reserved 1179648K
  class space    used 9100K, committed 9856K, reserved 1048576K
}
Event: 1058.082 GC heap after
{Heap after GC invocations=2464 (full 5):
 PSYoungGen      total 4608K, used 448K [0x00000000d5580000, 0x00000000d5b00000, 0x0000000100000000)
  eden space 3584K, 0% used [0x00000000d5580000,0x00000000d5580000,0x00000000d5900000)
  from space 1024K, 43% used [0x00000000d5900000,0x00000000d5970000,0x00000000d5a00000)
  to   space 512K, 0% used [0x00000000d5a80000,0x00000000d5a80000,0x00000000d5b00000)
 ParOldGen       total 867840K, used 214864K [0x0000000080000000, 0x00000000b4f80000, 0x00000000d5580000)
  object space 867840K, 24% used [0x0000000080000000,0x000000008d1d40c0,0x00000000b4f80000)
 Metaspace       used 87845K, committed 89536K, reserved 1179648K
  class space    used 9100K, committed 9856K, reserved 1048576K
}
Event: 1058.086 GC heap before
{Heap before GC invocations=2465 (full 5):
 PSYoungGen      total 4608K, used 4032K [0x00000000d5580000, 0x00000000d5b00000, 0x0000000100000000)
  eden space 3584K, 100% used [0x00000000d5580000,0x00000000d5900000,0x00000000d5900000)
  from space 1024K, 43% used [0x00000000d5900000,0x00000000d5970000,0x00000000d5a00000)
  to   space 512K, 0% used [0x00000000d5a80000,0x00000000d5a80000,0x00000000d5b00000)
 ParOldGen       total 867840K, used 214864K [0x0000000080000000, 0x00000000b4f80000, 0x00000000d5580000)
  object space 867840K, 24% used [0x0000000080000000,0x000000008d1d40c0,0x00000000b4f80000)
 Metaspace       used 87845K, committed 89536K, reserved 1179648K
  class space    used 9100K, committed 9856K, reserved 1048576K
}
Event: 1058.086 GC heap after
{Heap after GC invocations=2465 (full 5):
 PSYoungGen      total 4096K, used 464K [0x00000000d5580000, 0x00000000d5b00000, 0x0000000100000000)
  eden space 3584K, 0% used [0x00000000d5580000,0x00000000d5580000,0x00000000d5900000)
  from space 512K, 90% used [0x00000000d5a80000,0x00000000d5af4010,0x00000000d5b00000)
  to   space 512K, 0% used [0x00000000d5a00000,0x00000000d5a00000,0x00000000d5a80000)
 ParOldGen       total 867840K, used 214920K [0x0000000080000000, 0x00000000b4f80000, 0x00000000d5580000)
  object space 867840K, 24% used [0x0000000080000000,0x000000008d1e20c0,0x00000000b4f80000)
 Metaspace       used 87845K, committed 89536K, reserved 1179648K
  class space    used 9100K, committed 9856K, reserved 1048576K
}

